app/build/intermediates/manifest_merge_blame_file/debug/manifest-merger-blame-debug-report.txt
1<?xml version="1.0" encoding="utf-8"?>
2<manifest xmlns:android="http://schemas.android.com/apk/res/android"
3    package="com.charging.animation.mobile.battery"
4    android:versionCode="100"
5    android:versionName="1.0.0" >
6
7    <uses-sdk
8        android:minSdkVersion="21"
8-->src\main\AndroidManifest.xml
9        android:targetSdkVersion="34" />
9-->src\main\AndroidManifest.xml
10
11    <uses-permission android:name="android.permission.INTERNET" />
11-->src\main\AndroidManifest.xml:6:5-67
11-->src\main\AndroidManifest.xml:6:22-64
12    <uses-permission android:name="android.permission.ACCESS_NETWORK_STATE" />
12-->src\main\AndroidManifest.xml:7:5-79
12-->src\main\AndroidManifest.xml:7:22-76
13    <uses-permission android:name="android.permission.ACCESS_WIFI_STATE" />
13-->src\main\AndroidManifest.xml:8:5-76
13-->src\main\AndroidManifest.xml:8:22-73
14    <uses-permission
14-->src\main\AndroidManifest.xml:9:5-11:38
15        android:name="android.permission.READ_EXTERNAL_STORAGE"
15-->src\main\AndroidManifest.xml:10:9-64
16        android:maxSdkVersion="32" />
16-->src\main\AndroidManifest.xml:11:9-35
17    <uses-permission android:name="android.permission.WRITE_EXTERNAL_STORAGE" />
17-->src\main\AndroidManifest.xml:12:5-14:40
17-->src\main\AndroidManifest.xml:13:9-65
18    <uses-permission android:name="android.permission.SET_WALLPAPER" />
18-->src\main\AndroidManifest.xml:15:5-72
18-->src\main\AndroidManifest.xml:15:22-69
19    <uses-permission android:name="android.permission.SET_WALLPAPER_HINTS" />
19-->src\main\AndroidManifest.xml:16:5-78
19-->src\main\AndroidManifest.xml:16:22-75
20    <uses-permission android:name="android.permission.RECEIVE_BOOT_COMPLETED" />
20-->src\main\AndroidManifest.xml:17:5-81
20-->src\main\AndroidManifest.xml:17:22-78
21    <uses-permission android:name="android.permission.SYSTEM_ALERT_WINDOW" />
21-->src\main\AndroidManifest.xml:19:5-78
21-->src\main\AndroidManifest.xml:19:22-75
22    <uses-permission android:name="android.permission.ACTION_MANAGE_OVERLAY_PERMISSION" />
22-->src\main\AndroidManifest.xml:20:5-91
22-->src\main\AndroidManifest.xml:20:22-88
23    <uses-permission android:name="android.permission.INTERNET" />
23-->src\main\AndroidManifest.xml:6:5-67
23-->src\main\AndroidManifest.xml:6:22-64
24    <uses-permission android:name="android.permission.USE_FULL_SCREEN_INTENT" />
24-->src\main\AndroidManifest.xml:22:5-81
24-->src\main\AndroidManifest.xml:22:22-78
25    <uses-permission android:name="android.permission.WAKE_LOCK" />
25-->src\main\AndroidManifest.xml:23:5-68
25-->src\main\AndroidManifest.xml:23:22-65
26    <uses-permission android:name="android.permission.DISABLE_KEYGUARD" />
26-->src\main\AndroidManifest.xml:24:5-75
26-->src\main\AndroidManifest.xml:24:22-72
27    <uses-permission android:name="android.permission.REQUEST_IGNORE_BATTERY_OPTIMIZATIONS" />
27-->src\main\AndroidManifest.xml:25:5-95
27-->src\main\AndroidManifest.xml:25:22-92
28    <uses-permission android:name="android.permission.BATTERY_STATS" />
28-->src\main\AndroidManifest.xml:26:5-28:47
28-->src\main\AndroidManifest.xml:27:9-56
29    <uses-permission android:name="android.permission.READ_MEDIA_IMAGES" />
29-->src\main\AndroidManifest.xml:29:5-76
29-->src\main\AndroidManifest.xml:29:22-73
30    <uses-permission android:name="android.permission.READ_MEDIA_VIDEO" />
30-->src\main\AndroidManifest.xml:30:5-75
30-->src\main\AndroidManifest.xml:30:22-72
31    <uses-permission android:name="android.permission.READ_MEDIA_AUDIO" />
31-->src\main\AndroidManifest.xml:31:5-75
31-->src\main\AndroidManifest.xml:31:22-72
32    <uses-permission android:name="android.permission.POST_NOTIFICATIONS" />
32-->src\main\AndroidManifest.xml:32:5-77
32-->src\main\AndroidManifest.xml:32:22-74
33    <uses-permission android:name="android.permission.FOREGROUND_SERVICE" />
33-->src\main\AndroidManifest.xml:34:5-77
33-->src\main\AndroidManifest.xml:34:22-74
34    <uses-permission android:name="android.permission.FOREGROUND_SERVICE_SPECIAL_USE" />
34-->src\main\AndroidManifest.xml:35:5-89
34-->src\main\AndroidManifest.xml:35:22-86
35
36    <permission
36-->[androidx.core:core:1.13.0] AndroidManifest.xml:22:5-24:47
37        android:name="com.charging.animation.mobile.battery.DYNAMIC_RECEIVER_NOT_EXPORTED_PERMISSION"
37-->[androidx.core:core:1.13.0] AndroidManifest.xml:23:9-81
38        android:protectionLevel="signature" />
38-->[androidx.core:core:1.13.0] AndroidManifest.xml:24:9-44
39
40    <uses-permission android:name="com.charging.animation.mobile.battery.DYNAMIC_RECEIVER_NOT_EXPORTED_PERMISSION" />
40-->[androidx.core:core:1.13.0] AndroidManifest.xml:26:5-97
40-->[androidx.core:core:1.13.0] AndroidManifest.xml:26:22-94
41
42    <application
42-->src\main\AndroidManifest.xml:38:5-216:19
43        android:name="com.charging.animation.mobile.battery.App"
43-->src\main\AndroidManifest.xml:39:9-28
44        android:allowBackup="false"
44-->src\main\AndroidManifest.xml:40:9-36
45        android:appComponentFactory="androidx.core.app.CoreComponentFactory"
45-->[androidx.core:core:1.13.0] AndroidManifest.xml:28:18-86
46        android:dataExtractionRules="@xml/data_extraction_rules"
46-->src\main\AndroidManifest.xml:41:9-65
47        android:debuggable="true"
48        android:icon="@drawable/splash_img_logo"
48-->src\main\AndroidManifest.xml:42:9-49
49        android:label="@string/app_name"
49-->src\main\AndroidManifest.xml:43:9-41
50        android:largeHeap="true"
50-->src\main\AndroidManifest.xml:44:9-33
51        android:networkSecurityConfig="@xml/network_security_config"
51-->src\main\AndroidManifest.xml:45:9-69
52        android:preserveLegacyExternalStorage="true"
52-->src\main\AndroidManifest.xml:46:9-53
53        android:requestLegacyExternalStorage="true"
53-->src\main\AndroidManifest.xml:47:9-52
54        android:roundIcon="@drawable/splash_img_logo"
54-->src\main\AndroidManifest.xml:48:9-54
55        android:screenOrientation="portrait"
55-->src\main\AndroidManifest.xml:49:9-45
56        android:supportsRtl="true"
56-->src\main\AndroidManifest.xml:50:9-35
57        android:testOnly="true"
58        android:theme="@style/Theme.ChargingAnimation"
58-->src\main\AndroidManifest.xml:51:9-55
59        android:usesCleartextTraffic="true" >
59-->src\main\AndroidManifest.xml:52:9-44
60        <activity
60-->src\main\AndroidManifest.xml:55:9-58:52
61            android:name="com.charging.animation.mobile.battery.activity.internet.NoInternetActivity"
61-->src\main\AndroidManifest.xml:56:13-65
62            android:exported="false"
62-->src\main\AndroidManifest.xml:57:13-37
63            android:screenOrientation="portrait" />
63-->src\main\AndroidManifest.xml:58:13-49
64        <activity
64-->src\main\AndroidManifest.xml:59:9-62:52
65            android:name="com.charging.animation.mobile.battery.activity.success.SuccessActivity"
65-->src\main\AndroidManifest.xml:60:13-61
66            android:exported="true"
66-->src\main\AndroidManifest.xml:61:13-36
67            android:screenOrientation="portrait" />
67-->src\main\AndroidManifest.xml:62:13-49
68        <activity
68-->src\main\AndroidManifest.xml:63:9-72:20
69            android:name="com.charging.animation.mobile.battery.activity.splash.SplashActivity"
69-->src\main\AndroidManifest.xml:64:13-59
70            android:exported="true"
70-->src\main\AndroidManifest.xml:65:13-36
71            android:screenOrientation="portrait" >
71-->src\main\AndroidManifest.xml:66:13-49
72            <intent-filter>
72-->src\main\AndroidManifest.xml:67:13-71:29
73                <action android:name="android.intent.action.MAIN" />
73-->src\main\AndroidManifest.xml:68:17-69
73-->src\main\AndroidManifest.xml:68:25-66
74
75                <category android:name="android.intent.category.LAUNCHER" />
75-->src\main\AndroidManifest.xml:70:17-77
75-->src\main\AndroidManifest.xml:70:27-74
76            </intent-filter>
77        </activity>
78        <activity
78-->src\main\AndroidManifest.xml:73:9-76:52
79            android:name="com.charging.animation.mobile.battery.activity.permission.PermissionActivity"
79-->src\main\AndroidManifest.xml:74:13-67
80            android:exported="true"
80-->src\main\AndroidManifest.xml:75:13-36
81            android:screenOrientation="portrait" />
81-->src\main\AndroidManifest.xml:76:13-49
82        <activity
82-->src\main\AndroidManifest.xml:77:9-80:52
83            android:name="com.charging.animation.mobile.battery.activity.down.DownActivity"
83-->src\main\AndroidManifest.xml:78:13-55
84            android:exported="false"
84-->src\main\AndroidManifest.xml:79:13-37
85            android:screenOrientation="portrait" />
85-->src\main\AndroidManifest.xml:80:13-49
86        <activity
86-->src\main\AndroidManifest.xml:81:9-84:52
87            android:name="com.charging.animation.mobile.battery.activity.language.LanguageSettingActivity"
87-->src\main\AndroidManifest.xml:82:13-70
88            android:exported="false"
88-->src\main\AndroidManifest.xml:83:13-37
89            android:screenOrientation="portrait" />
89-->src\main\AndroidManifest.xml:84:13-49
90        <activity
90-->src\main\AndroidManifest.xml:85:9-88:52
91            android:name="com.charging.animation.mobile.battery.activity.language.LanguageStartActivity"
91-->src\main\AndroidManifest.xml:86:13-68
92            android:exported="false"
92-->src\main\AndroidManifest.xml:87:13-37
93            android:screenOrientation="portrait" />
93-->src\main\AndroidManifest.xml:88:13-49
94        <activity
94-->src\main\AndroidManifest.xml:89:9-92:52
95            android:name="com.charging.animation.mobile.battery.activity.ring.RingtoneActivity"
95-->src\main\AndroidManifest.xml:90:13-59
96            android:exported="false"
96-->src\main\AndroidManifest.xml:91:13-37
97            android:screenOrientation="portrait" />
97-->src\main\AndroidManifest.xml:92:13-49
98        <activity
98-->src\main\AndroidManifest.xml:93:9-96:52
99            android:name="com.charging.animation.mobile.battery.activity.tutorial.TutorialActivity"
99-->src\main\AndroidManifest.xml:94:13-63
100            android:exported="false"
100-->src\main\AndroidManifest.xml:95:13-37
101            android:screenOrientation="portrait" />
101-->src\main\AndroidManifest.xml:96:13-49
102        <activity
102-->src\main\AndroidManifest.xml:97:9-100:52
103            android:name="com.charging.animation.mobile.battery.activity.main.MainActivity"
103-->src\main\AndroidManifest.xml:98:13-55
104            android:exported="true"
104-->src\main\AndroidManifest.xml:99:13-36
105            android:screenOrientation="portrait" />
105-->src\main\AndroidManifest.xml:100:13-49
106        <activity
106-->src\main\AndroidManifest.xml:101:9-110:20
107            android:name="com.charging.animation.mobile.battery.activity.apply.ApplyAnimationActivity"
107-->src\main\AndroidManifest.xml:102:13-66
108            android:exported="true"
108-->src\main\AndroidManifest.xml:103:13-36
109            android:screenOrientation="portrait" >
109-->src\main\AndroidManifest.xml:104:13-49
110            <intent-filter>
110-->src\main\AndroidManifest.xml:105:13-109:29
111                <action android:name="com.chargingapp.charginganimation.animation.mobilebattery.activity.wallpaper.ViewActivity" />
111-->src\main\AndroidManifest.xml:106:17-132
111-->src\main\AndroidManifest.xml:106:25-129
112
113                <category android:name="android.intent.category.DEFAULT" />
113-->src\main\AndroidManifest.xml:108:17-76
113-->src\main\AndroidManifest.xml:108:27-73
114            </intent-filter>
115        </activity>
116        <activity
116-->src\main\AndroidManifest.xml:111:9-114:52
117            android:name="com.charging.animation.mobile.battery.activity.info.InfoActivity"
117-->src\main\AndroidManifest.xml:112:13-55
118            android:exported="true"
118-->src\main\AndroidManifest.xml:113:13-36
119            android:screenOrientation="portrait" />
119-->src\main\AndroidManifest.xml:114:13-49
120        <activity
120-->src\main\AndroidManifest.xml:115:9-118:52
121            android:name="com.charging.animation.mobile.battery.activity.policy.PolicyActivity"
121-->src\main\AndroidManifest.xml:116:13-59
122            android:exported="true"
122-->src\main\AndroidManifest.xml:117:13-36
123            android:screenOrientation="portrait" />
123-->src\main\AndroidManifest.xml:118:13-49
124        <activity
124-->src\main\AndroidManifest.xml:120:9-128:43
125            android:name="com.charging.animation.mobile.battery.activity.animation.AnimationActivity"
125-->src\main\AndroidManifest.xml:121:13-65
126            android:exported="true"
126-->src\main\AndroidManifest.xml:122:13-36
127            android:launchMode="singleTask"
127-->src\main\AndroidManifest.xml:123:13-44
128            android:screenOrientation="portrait"
128-->src\main\AndroidManifest.xml:124:13-49
129            android:showOnLockScreen="true"
129-->src\main\AndroidManifest.xml:125:13-44
130            android:showWhenLocked="true"
130-->src\main\AndroidManifest.xml:126:13-42
131            android:theme="@style/Theme.AppCompat.Light.NoActionBar.FullScreen"
131-->src\main\AndroidManifest.xml:127:13-80
132            android:turnScreenOn="true" />
132-->src\main\AndroidManifest.xml:128:13-40
133
134        <receiver
134-->src\main\AndroidManifest.xml:130:9-143:20
135            android:name="com.charging.animation.mobile.battery.receiver.AnimationReceiver"
135-->src\main\AndroidManifest.xml:131:13-55
136            android:enabled="true"
136-->src\main\AndroidManifest.xml:132:13-35
137            android:exported="true"
137-->src\main\AndroidManifest.xml:133:13-36
138            android:permission="android.permission.RECEIVE_BOOT_COMPLETED" >
138-->src\main\AndroidManifest.xml:134:13-75
139            <intent-filter>
139-->src\main\AndroidManifest.xml:135:13-142:29
140                <action android:name="android.intent.action.BOOT_COMPLETED" />
140-->src\main\AndroidManifest.xml:136:17-79
140-->src\main\AndroidManifest.xml:136:25-76
141                <action android:name="android.intent.action.ACTION_POWER_CONNECTED" />
141-->src\main\AndroidManifest.xml:137:17-87
141-->src\main\AndroidManifest.xml:137:25-84
142                <action android:name="android.intent.action.QUICKBOOT_POWERON" />
142-->src\main\AndroidManifest.xml:138:17-82
142-->src\main\AndroidManifest.xml:138:25-79
143                <action android:name="com.htc.intent.action.QUICKBOOT_POWERON" />
143-->src\main\AndroidManifest.xml:139:17-82
143-->src\main\AndroidManifest.xml:139:25-79
144                <action android:name="android.intent.action.TIME_SET" />
144-->src\main\AndroidManifest.xml:140:17-73
144-->src\main\AndroidManifest.xml:140:25-70
145                <action android:name="android.intent.action.TIMEZONE_CHANGED" />
145-->src\main\AndroidManifest.xml:141:17-81
145-->src\main\AndroidManifest.xml:141:25-78
146            </intent-filter>
147        </receiver>
148        <receiver android:name="com.charging.animation.mobile.battery.receiver.FullReceiver" />
148-->src\main\AndroidManifest.xml:144:9-59
148-->src\main\AndroidManifest.xml:144:19-56
149        <receiver android:name="com.charging.animation.mobile.battery.receiver.LowReceiver" />
149-->src\main\AndroidManifest.xml:145:9-58
149-->src\main\AndroidManifest.xml:145:19-55
150        <receiver android:name="com.charging.animation.mobile.battery.receiver.HighReceiver" />
150-->src\main\AndroidManifest.xml:146:9-59
150-->src\main\AndroidManifest.xml:146:19-56
151
152        <service
152-->src\main\AndroidManifest.xml:148:9-156:19
153            android:name="com.charging.animation.mobile.battery.service.BatteryService"
153-->src\main\AndroidManifest.xml:149:13-51
154            android:enabled="true"
154-->src\main\AndroidManifest.xml:150:13-35
155            android:exported="true"
155-->src\main\AndroidManifest.xml:151:13-36
156            android:foregroundServiceType="specialUse" >
156-->src\main\AndroidManifest.xml:152:13-55
157            <property
157-->src\main\AndroidManifest.xml:153:13-155:63
158                android:name="android.app.PROPERTY_SPECIAL_USE_FGS_SUBTYPE"
158-->src\main\AndroidManifest.xml:154:17-76
159                android:value="explanation_for_special_use" />
159-->src\main\AndroidManifest.xml:155:17-60
160        </service>
161        <service
161-->src\main\AndroidManifest.xml:157:9-166:19
162            android:name="com.charging.animation.mobile.battery.service.FullBatterService"
162-->src\main\AndroidManifest.xml:158:13-54
163            android:enabled="true"
163-->src\main\AndroidManifest.xml:159:13-35
164            android:foregroundServiceType="specialUse"
164-->src\main\AndroidManifest.xml:160:13-55
165            android:launchMode="singleTop"
165-->src\main\AndroidManifest.xml:161:13-43
166            android:permission="android.permission.BIND_REMOTEVIEWS" >
166-->src\main\AndroidManifest.xml:162:13-69
167            <property
167-->src\main\AndroidManifest.xml:153:13-155:63
168                android:name="android.app.PROPERTY_SPECIAL_USE_FGS_SUBTYPE"
168-->src\main\AndroidManifest.xml:154:17-76
169                android:value="explanation_for_special_use" />
169-->src\main\AndroidManifest.xml:155:17-60
170        </service>
171        <service
171-->src\main\AndroidManifest.xml:167:9-176:19
172            android:name="com.charging.animation.mobile.battery.service.LowService"
172-->src\main\AndroidManifest.xml:168:13-47
173            android:enabled="true"
173-->src\main\AndroidManifest.xml:169:13-35
174            android:foregroundServiceType="specialUse"
174-->src\main\AndroidManifest.xml:170:13-55
175            android:launchMode="singleTop"
175-->src\main\AndroidManifest.xml:171:13-43
176            android:permission="android.permission.BIND_REMOTEVIEWS" >
176-->src\main\AndroidManifest.xml:172:13-69
177            <property
177-->src\main\AndroidManifest.xml:153:13-155:63
178                android:name="android.app.PROPERTY_SPECIAL_USE_FGS_SUBTYPE"
178-->src\main\AndroidManifest.xml:154:17-76
179                android:value="explanation_for_special_use" />
179-->src\main\AndroidManifest.xml:155:17-60
180        </service>
181        <service
181-->src\main\AndroidManifest.xml:177:9-186:19
182            android:name="com.charging.animation.mobile.battery.service.HighService"
182-->src\main\AndroidManifest.xml:178:13-48
183            android:enabled="true"
183-->src\main\AndroidManifest.xml:179:13-35
184            android:foregroundServiceType="specialUse"
184-->src\main\AndroidManifest.xml:180:13-55
185            android:launchMode="singleTop"
185-->src\main\AndroidManifest.xml:181:13-43
186            android:permission="android.permission.BIND_REMOTEVIEWS" >
186-->src\main\AndroidManifest.xml:182:13-69
187            <property
187-->src\main\AndroidManifest.xml:153:13-155:63
188                android:name="android.app.PROPERTY_SPECIAL_USE_FGS_SUBTYPE"
188-->src\main\AndroidManifest.xml:154:17-76
189                android:value="explanation_for_special_use" />
189-->src\main\AndroidManifest.xml:155:17-60
190        </service>
191        <service
191-->src\main\AndroidManifest.xml:187:9-200:19
192            android:name="com.charging.animation.mobile.battery.service.LiveWallpaperService"
192-->src\main\AndroidManifest.xml:188:13-57
193            android:enabled="true"
193-->src\main\AndroidManifest.xml:189:13-35
194            android:exported="true"
194-->src\main\AndroidManifest.xml:190:13-36
195            android:label="@string/app_name"
195-->src\main\AndroidManifest.xml:191:13-45
196            android:permission="android.permission.BIND_WALLPAPER" >
196-->src\main\AndroidManifest.xml:192:13-67
197            <intent-filter>
197-->src\main\AndroidManifest.xml:193:13-195:29
198                <action android:name="android.service.wallpaper.WallpaperService" />
198-->src\main\AndroidManifest.xml:194:17-85
198-->src\main\AndroidManifest.xml:194:25-82
199            </intent-filter>
200
201            <meta-data
201-->src\main\AndroidManifest.xml:197:13-199:56
202                android:name="android.service.wallpaper"
202-->src\main\AndroidManifest.xml:198:17-57
203                android:resource="@xml/my_wallpaper" />
203-->src\main\AndroidManifest.xml:199:17-53
204        </service>
205
206        <receiver
206-->src\main\AndroidManifest.xml:202:9-215:20
207            android:name="com.charging.animation.mobile.battery.receiver.StartReceiver"
207-->src\main\AndroidManifest.xml:203:13-51
208            android:exported="true"
208-->src\main\AndroidManifest.xml:204:13-36
209            android:permission="android.permission.RECEIVE_BOOT_COMPLETED" >
209-->src\main\AndroidManifest.xml:205:13-75
210            <intent-filter>
210-->src\main\AndroidManifest.xml:206:13-214:29
211                <action android:name="com.chargingapp.charginganimation.animation.mobilebattery.receiver.StartReceiver" />
211-->src\main\AndroidManifest.xml:207:17-123
211-->src\main\AndroidManifest.xml:207:25-120
212                <action android:name="android.intent.action.BOOT_COMPLETED" />
212-->src\main\AndroidManifest.xml:136:17-79
212-->src\main\AndroidManifest.xml:136:25-76
213                <action android:name="android.intent.action.ACTION_POWER_CONNECTED" />
213-->src\main\AndroidManifest.xml:137:17-87
213-->src\main\AndroidManifest.xml:137:25-84
214                <action android:name="android.intent.action.QUICKBOOT_POWERON" />
214-->src\main\AndroidManifest.xml:138:17-82
214-->src\main\AndroidManifest.xml:138:25-79
215                <action android:name="com.htc.intent.action.QUICKBOOT_POWERON" />
215-->src\main\AndroidManifest.xml:139:17-82
215-->src\main\AndroidManifest.xml:139:25-79
216                <action android:name="android.intent.action.TIME_SET" />
216-->src\main\AndroidManifest.xml:140:17-73
216-->src\main\AndroidManifest.xml:140:25-70
217                <action android:name="android.intent.action.TIMEZONE_CHANGED" />
217-->src\main\AndroidManifest.xml:141:17-81
217-->src\main\AndroidManifest.xml:141:25-78
218            </intent-filter>
219        </receiver>
220
221        <meta-data
221-->[com.google.android.gms:play-services-basement:18.1.0] AndroidManifest.xml:21:9-23:69
222            android:name="com.google.android.gms.version"
222-->[com.google.android.gms:play-services-basement:18.1.0] AndroidManifest.xml:22:13-58
223            android:value="@integer/google_play_services_version" />
223-->[com.google.android.gms:play-services-basement:18.1.0] AndroidManifest.xml:23:13-66
224
225        <provider
225-->[androidx.emoji2:emoji2:1.2.0] AndroidManifest.xml:24:9-32:20
226            android:name="androidx.startup.InitializationProvider"
226-->[androidx.emoji2:emoji2:1.2.0] AndroidManifest.xml:25:13-67
227            android:authorities="com.charging.animation.mobile.battery.androidx-startup"
227-->[androidx.emoji2:emoji2:1.2.0] AndroidManifest.xml:26:13-68
228            android:exported="false" >
228-->[androidx.emoji2:emoji2:1.2.0] AndroidManifest.xml:27:13-37
229            <meta-data
229-->[androidx.emoji2:emoji2:1.2.0] AndroidManifest.xml:29:13-31:52
230                android:name="androidx.emoji2.text.EmojiCompatInitializer"
230-->[androidx.emoji2:emoji2:1.2.0] AndroidManifest.xml:30:17-75
231                android:value="androidx.startup" />
231-->[androidx.emoji2:emoji2:1.2.0] AndroidManifest.xml:31:17-49
232            <meta-data
232-->[androidx.work:work-runtime:2.7.0] AndroidManifest.xml:36:13-38:52
233                android:name="androidx.work.WorkManagerInitializer"
233-->[androidx.work:work-runtime:2.7.0] AndroidManifest.xml:37:17-68
234                android:value="androidx.startup" />
234-->[androidx.work:work-runtime:2.7.0] AndroidManifest.xml:38:17-49
235            <meta-data
235-->[androidx.lifecycle:lifecycle-process:2.7.0] AndroidManifest.xml:29:13-31:52
236                android:name="androidx.lifecycle.ProcessLifecycleInitializer"
236-->[androidx.lifecycle:lifecycle-process:2.7.0] AndroidManifest.xml:30:17-78
237                android:value="androidx.startup" />
237-->[androidx.lifecycle:lifecycle-process:2.7.0] AndroidManifest.xml:31:17-49
238            <meta-data
238-->[androidx.profileinstaller:profileinstaller:1.3.1] AndroidManifest.xml:29:13-31:52
239                android:name="androidx.profileinstaller.ProfileInstallerInitializer"
239-->[androidx.profileinstaller:profileinstaller:1.3.1] AndroidManifest.xml:30:17-85
240                android:value="androidx.startup" />
240-->[androidx.profileinstaller:profileinstaller:1.3.1] AndroidManifest.xml:31:17-49
241        </provider>
242
243        <service
243-->[androidx.work:work-runtime:2.7.0] AndroidManifest.xml:41:9-46:35
244            android:name="androidx.work.impl.background.systemalarm.SystemAlarmService"
244-->[androidx.work:work-runtime:2.7.0] AndroidManifest.xml:42:13-88
245            android:directBootAware="false"
245-->[androidx.work:work-runtime:2.7.0] AndroidManifest.xml:43:13-44
246            android:enabled="@bool/enable_system_alarm_service_default"
246-->[androidx.work:work-runtime:2.7.0] AndroidManifest.xml:44:13-72
247            android:exported="false" />
247-->[androidx.work:work-runtime:2.7.0] AndroidManifest.xml:45:13-37
248        <service
248-->[androidx.work:work-runtime:2.7.0] AndroidManifest.xml:47:9-53:35
249            android:name="androidx.work.impl.background.systemjob.SystemJobService"
249-->[androidx.work:work-runtime:2.7.0] AndroidManifest.xml:48:13-84
250            android:directBootAware="false"
250-->[androidx.work:work-runtime:2.7.0] AndroidManifest.xml:49:13-44
251            android:enabled="@bool/enable_system_job_service_default"
251-->[androidx.work:work-runtime:2.7.0] AndroidManifest.xml:50:13-70
252            android:exported="true"
252-->[androidx.work:work-runtime:2.7.0] AndroidManifest.xml:51:13-36
253            android:permission="android.permission.BIND_JOB_SERVICE" />
253-->[androidx.work:work-runtime:2.7.0] AndroidManifest.xml:52:13-69
254        <service
254-->[androidx.work:work-runtime:2.7.0] AndroidManifest.xml:54:9-59:35
255            android:name="androidx.work.impl.foreground.SystemForegroundService"
255-->[androidx.work:work-runtime:2.7.0] AndroidManifest.xml:55:13-81
256            android:directBootAware="false"
256-->[androidx.work:work-runtime:2.7.0] AndroidManifest.xml:56:13-44
257            android:enabled="@bool/enable_system_foreground_service_default"
257-->[androidx.work:work-runtime:2.7.0] AndroidManifest.xml:57:13-77
258            android:exported="false" />
258-->[androidx.work:work-runtime:2.7.0] AndroidManifest.xml:58:13-37
259
260        <receiver
260-->[androidx.work:work-runtime:2.7.0] AndroidManifest.xml:61:9-66:35
261            android:name="androidx.work.impl.utils.ForceStopRunnable$BroadcastReceiver"
261-->[androidx.work:work-runtime:2.7.0] AndroidManifest.xml:62:13-88
262            android:directBootAware="false"
262-->[androidx.work:work-runtime:2.7.0] AndroidManifest.xml:63:13-44
263            android:enabled="true"
263-->[androidx.work:work-runtime:2.7.0] AndroidManifest.xml:64:13-35
264            android:exported="false" />
264-->[androidx.work:work-runtime:2.7.0] AndroidManifest.xml:65:13-37
265        <receiver
265-->[androidx.work:work-runtime:2.7.0] AndroidManifest.xml:67:9-77:20
266            android:name="androidx.work.impl.background.systemalarm.ConstraintProxy$BatteryChargingProxy"
266-->[androidx.work:work-runtime:2.7.0] AndroidManifest.xml:68:13-106
267            android:directBootAware="false"
267-->[androidx.work:work-runtime:2.7.0] AndroidManifest.xml:69:13-44
268            android:enabled="false"
268-->[androidx.work:work-runtime:2.7.0] AndroidManifest.xml:70:13-36
269            android:exported="false" >
269-->[androidx.work:work-runtime:2.7.0] AndroidManifest.xml:71:13-37
270            <intent-filter>
270-->[androidx.work:work-runtime:2.7.0] AndroidManifest.xml:73:13-76:29
271                <action android:name="android.intent.action.ACTION_POWER_CONNECTED" />
271-->src\main\AndroidManifest.xml:137:17-87
271-->src\main\AndroidManifest.xml:137:25-84
272                <action android:name="android.intent.action.ACTION_POWER_DISCONNECTED" />
272-->[androidx.work:work-runtime:2.7.0] AndroidManifest.xml:75:17-90
272-->[androidx.work:work-runtime:2.7.0] AndroidManifest.xml:75:25-87
273            </intent-filter>
274        </receiver>
275        <receiver
275-->[androidx.work:work-runtime:2.7.0] AndroidManifest.xml:78:9-88:20
276            android:name="androidx.work.impl.background.systemalarm.ConstraintProxy$BatteryNotLowProxy"
276-->[androidx.work:work-runtime:2.7.0] AndroidManifest.xml:79:13-104
277            android:directBootAware="false"
277-->[androidx.work:work-runtime:2.7.0] AndroidManifest.xml:80:13-44
278            android:enabled="false"
278-->[androidx.work:work-runtime:2.7.0] AndroidManifest.xml:81:13-36
279            android:exported="false" >
279-->[androidx.work:work-runtime:2.7.0] AndroidManifest.xml:82:13-37
280            <intent-filter>
280-->[androidx.work:work-runtime:2.7.0] AndroidManifest.xml:84:13-87:29
281                <action android:name="android.intent.action.BATTERY_OKAY" />
281-->[androidx.work:work-runtime:2.7.0] AndroidManifest.xml:85:17-77
281-->[androidx.work:work-runtime:2.7.0] AndroidManifest.xml:85:25-74
282                <action android:name="android.intent.action.BATTERY_LOW" />
282-->[androidx.work:work-runtime:2.7.0] AndroidManifest.xml:86:17-76
282-->[androidx.work:work-runtime:2.7.0] AndroidManifest.xml:86:25-73
283            </intent-filter>
284        </receiver>
285        <receiver
285-->[androidx.work:work-runtime:2.7.0] AndroidManifest.xml:89:9-99:20
286            android:name="androidx.work.impl.background.systemalarm.ConstraintProxy$StorageNotLowProxy"
286-->[androidx.work:work-runtime:2.7.0] AndroidManifest.xml:90:13-104
287            android:directBootAware="false"